[+] Containers:
 |- [+] Container: /Game/Levels/LevelPrototype
 |   |- [+] ActorDescs:
 |   |   |- Guid:0720F8C847B1D7087486D1B002EC9C6E BaseClass: NativeClass:/Script/Engine.StaticMeshActor Name:StaticMeshActor_4 Label:SM_Cube6 SpatiallyLoaded:1 Bounds:IsValid=true, Min=(X=2900.000 Y=100.000 Z=0.000), Max=(X=3000.000 Y=3400.000 Z=400.000) RuntimeGrid:None EditorOnly:0 RuntimeOnly:0 HLODRelevant:1 FolderPath:Enviroment FolderGuid:8769E3C0426C28A66A27D09CB13D9E54
 |   |   |- Guid:0B5CDF154705DF8136D469BC2E031665 BaseClass: NativeClass:/Script/Engine.StaticMeshActor Name:StaticMeshActor_UAID_50EBF6D21CCA58D701_1278155689 Label:SmallWall2 SpatiallyLoaded:1 Bounds:IsValid=true, Min=(X=1881.891 Y=441.699 Z=-12.500), Max=(X=2538.109 Y=878.301 Z=112.500) RuntimeGrid:None EditorOnly:0 RuntimeOnly:0 HLODRelevant:1 FolderPath:Enviroment FolderGuid:8769E3C0426C28A66A27D09CB13D9E54
 |   |   |- Guid:1621C527401ECC8763DCF5B128195026 BaseClass: NativeClass:/Script/Engine.PostProcessVolume Name:PostProcessVolume_0 Label:PostProcessVolume SpatiallyLoaded:0 Bounds:IsValid=true, Min=(X=0.000 Y=0.000 Z=400.000), Max=(X=200.000 Y=200.000 Z=600.000) RuntimeGrid:None EditorOnly:0 RuntimeOnly:0 HLODRelevant:0 FolderPath:Lighting FolderGuid:963EC3EB4002CCE9759E2EBA541A873A
 |   |   |- Guid:16778C3F452605E1AE490E9613D921A7 BaseClass: NativeClass:/Script/Engine.StaticMeshActor Name:StaticMeshActor_UAID_50EBF6D21CCA58D701_1335254690 Label:SmallWall3 SpatiallyLoaded:1 Bounds:IsValid=true, Min=(X=1870.000 Y=1570.000 Z=-12.500), Max=(X=2570.000 Y=1670.000 Z=112.500) RuntimeGrid:None EditorOnly:0 RuntimeOnly:0 HLODRelevant:1 FolderPath:Enviroment FolderGuid:8769E3C0426C28A66A27D09CB13D9E54
 |   |   |- Guid:16CA75C04CACE8BF60CFEBAE613555F4 BaseClass: NativeClass:/Script/Engine.StaticMeshActor Name:StaticMeshActor_UAID_50EBF6D21CCA58D701_2005887701 Label:SmallWall12 SpatiallyLoaded:1 Bounds:IsValid=true, Min=(X=920.000 Y=1242.500 Z=-17.500), Max=(X=1020.000 Y=1417.500 Z=357.500) RuntimeGrid:None EditorOnly:0 RuntimeOnly:0 HLODRelevant:1 FolderPath:Enviroment FolderGuid:8769E3C0426C28A66A27D09CB13D9E54
 |   |   |- Guid:1C7F09AF4072D77CC3FCE0B14CDEE97D BaseClass: NativeClass:/Script/Engine.SkyAtmosphere Name:SkyAtmosphere_0 Label:SkyAtmosphere SpatiallyLoaded:0 Bounds:IsValid=true, Min=(X=0.000 Y=0.000 Z=1020.000), Max=(X=0.000 Y=0.000 Z=1020.000) RuntimeGrid:None EditorOnly:0 RuntimeOnly:0 HLODRelevant:0 FolderPath:Lighting FolderGuid:963EC3EB4002CCE9759E2EBA541A873A
 |   |   |- Guid:1E7015574B202AE5166EE1A5278F0B48 BaseClass: NativeClass:/Script/Engine.StaticMeshActor Name:StaticMeshActor_UAID_50EBF6D21CCA58D701_2076398708 Label:SmallWall18 SpatiallyLoaded:1 Bounds:IsValid=true, Min=(X=300.000 Y=1181.001 Z=246.350), Max=(X=1000.000 Y=1578.999 Z=693.650) RuntimeGrid:None EditorOnly:0 RuntimeOnly:0 HLODRelevant:1 FolderPath:Enviroment FolderGuid:8769E3C0426C28A66A27D09CB13D9E54
 |   |   |- Guid:24FF39AF4DA0DFF0742790A223F2717F BaseClass: NativeClass:/Script/Engine.StaticMeshActor Name:StaticMeshActor_UAID_50EBF6D21CCA58D701_2050522706 Label:SmallWall16 SpatiallyLoaded:1 Bounds:IsValid=true, Min=(X=552.500 Y=1740.000 Z=232.500), Max=(X=927.500 Y=1840.000 Z=407.500) RuntimeGrid:None EditorOnly:0 RuntimeOnly:0 HLODRelevant:1 FolderPath:Enviroment FolderGuid:8769E3C0426C28A66A27D09CB13D9E54
 |   |   |- Guid:35167C5B4DC85DCA369419AB0C0A76C5 BaseClass: NativeClass:/Script/Engine.StaticMeshActor Name:StaticMeshActor_UAID_50EBF6D21CCA58D701_1914894699 Label:SmallWall10 SpatiallyLoaded:1 Bounds:IsValid=true, Min=(X=350.000 Y=1385.000 Z=-17.500), Max=(X=450.000 Y=1835.000 Z=357.500) RuntimeGrid:None EditorOnly:0 RuntimeOnly:0 HLODRelevant:1 FolderPath:Enviroment FolderGuid:8769E3C0426C28A66A27D09CB13D9E54
 |   |   |- Guid:4151BC9F451C09C7125E2DB5ABACBB41 BaseClass: NativeClass:/Script/Engine.TextRenderActor Name:TextRenderActor_1 Label:TextRenderActor SpatiallyLoaded:1 Bounds:IsValid=true, Min=(X=-0.100 Y=1100.000 Z=65.013), Max=(X=-0.100 Y=2392.308 Z=215.013) RuntimeGrid:None EditorOnly:0 RuntimeOnly:0 HLODRelevant:0
 |   |   |- Guid:466373574510520A3E541098894C919A BaseClass: NativeClass:/Script/Engine.StaticMeshActor Name:StaticMeshActor_5 Label:SM_Cube2 SpatiallyLoaded:1 Bounds:IsValid=true, Min=(X=0.000 Y=0.000 Z=0.000), Max=(X=3000.000 Y=100.000 Z=400.000) RuntimeGrid:None EditorOnly:0 RuntimeOnly:0 HLODRelevant:1 FolderPath:Enviroment FolderGuid:8769E3C0426C28A66A27D09CB13D9E54
 |   |   |- Guid:540000EF4BD746286DA112A710D40B0C BaseClass: NativeClass:/Script/Engine.ExponentialHeightFog Name:ExponentialHeightFog_0 Label:ExponentialHeightFog SpatiallyLoaded:0 Bounds:IsValid=true, Min=(X=-5600.000 Y=-50.000 Z=-6850.000), Max=(X=-5600.000 Y=-50.000 Z=-6850.000) RuntimeGrid:None EditorOnly:0 RuntimeOnly:0 HLODRelevant:0 FolderPath:Lighting FolderGuid:963EC3EB4002CCE9759E2EBA541A873A
 |   |   |- Guid:5A7ACD954A3A595ECA1B658CD27AC1FC BaseClass: NativeClass:/Script/Engine.SkyLight Name:SkyLight_1 Label:SkyLight SpatiallyLoaded:0 Bounds:IsValid=true, Min=(X=0.000 Y=0.000 Z=690.000), Max=(X=0.000 Y=0.000 Z=690.000) RuntimeGrid:None EditorOnly:0 RuntimeOnly:0 HLODRelevant:0 FolderPath:Lighting FolderGuid:963EC3EB4002CCE9759E2EBA541A873A
 |   |   |- Guid:5EBDBB4E455147859BF7ED847AB91429 BaseClass: NativeClass:/Script/Engine.StaticMeshActor Name:StaticMeshActor_1 Label:SM_Cube SpatiallyLoaded:1 Bounds:IsValid=true, Min=(X=0.000 Y=0.000 Z=-50.000), Max=(X=3000.000 Y=3500.000 Z=0.000) RuntimeGrid:None EditorOnly:0 RuntimeOnly:0 HLODRelevant:1 FolderPath:Enviroment FolderGuid:8769E3C0426C28A66A27D09CB13D9E54
 |   |   |- Guid:638FA1E64C8CD3855EBE578440824B26 BaseClass: NativeClass:/Script/Engine.StaticMeshActor Name:StaticMeshActor_0 Label:SM_Cube5 SpatiallyLoaded:1 Bounds:IsValid=true, Min=(X=-0.000 Y=100.000 Z=0.000), Max=(X=100.000 Y=3400.000 Z=400.000) RuntimeGrid:None EditorOnly:0 RuntimeOnly:0 HLODRelevant:1 FolderPath:Enviroment FolderGuid:8769E3C0426C28A66A27D09CB13D9E54
 |   |   |- Guid:6E8EB9264B7F0BDC067D04AC1447C514 BaseClass:/Game/Blueprints/NPCs/BP_NPC_Enemy_Melee.BP_NPC_Enemy_Melee_C NativeClass:/Script/Engine.Character Name:BP_NPC_Enemy_Melee_C_UAID_50EBF6D21CCACDF501_1932320959 Label:BP_NPC_Enemy_Melee SpatiallyLoaded:1 Bounds:IsValid=true, Min=(X=1470.000 Y=1890.000 Z=-0.967), Max=(X=1720.000 Y=2040.000 Z=200.000) RuntimeGrid:None EditorOnly:0 RuntimeOnly:0 HLODRelevant:0
 |   |   |- Guid:74B0893F4419FE25C3E62AAD484D1D52 BaseClass: NativeClass:/Script/Engine.StaticMeshActor Name:StaticMeshActor_UAID_50EBF6D21CCA58D701_1707650694 Label:SmallWall6 SpatiallyLoaded:1 Bounds:IsValid=true, Min=(X=542.500 Y=1230.000 Z=232.500), Max=(X=917.500 Y=1330.000 Z=407.500) RuntimeGrid:None EditorOnly:0 RuntimeOnly:0 HLODRelevant:1 FolderPath:Enviroment FolderGuid:8769E3C0426C28A66A27D09CB13D9E54
 |   |   |- Guid:87314A524EE8280E5248C8AA51F74D3B BaseClass: NativeClass:/Script/Engine.DirectionalLight Name:DirectionalLight_0 Label:DirectionalLight SpatiallyLoaded:0 Bounds:IsValid=true, Min=(X=-4398046511104.000 Y=-4398046511104.000 Z=-4398046511104.000), Max=(X=4398046511104.000 Y=4398046511104.000 Z=4398046511104.000) RuntimeGrid:None EditorOnly:0 RuntimeOnly:0 HLODRelevant:0 FolderPath:Lighting FolderGuid:963EC3EB4002CCE9759E2EBA541A873A
 |   |   |- Guid:8A70C4BF41DC7061B9DB6D9EA8D93D63 BaseClass: NativeClass:/Script/Engine.StaticMeshActor Name:StaticMeshActor_UAID_50EBF6D21CCA58D701_2005890704 Label:SmallWall15 SpatiallyLoaded:1 Bounds:IsValid=true, Min=(X=920.000 Y=1352.500 Z=-67.500), Max=(X=1020.000 Y=1727.500 Z=107.500) RuntimeGrid:None EditorOnly:0 RuntimeOnly:0 HLODRelevant:1 FolderPath:Enviroment FolderGuid:8769E3C0426C28A66A27D09CB13D9E54
 |   |   |- Guid:916BAF134811EE0BAC9E89B7B7984BC0 BaseClass: NativeClass:/Script/Engine.StaticMeshActor Name:StaticMeshActor_UAID_A4AE111137DC5EFB00_1110535423 Label:SM_SkySphere SpatiallyLoaded:0 Bounds:IsValid=true, Min=(X=-1638400.000 Y=-1638400.000 Z=-1638400.000), Max=(X=1638400.000 Y=1638400.000 Z=1638400.000) RuntimeGrid:None EditorOnly:0 RuntimeOnly:0 HLODRelevant:1 FolderPath:Lighting FolderGuid:963EC3EB4002CCE9759E2EBA541A873A
 |   |   |- Guid:95D334A24F3113A25E5636AD56E59743 BaseClass: NativeClass:/Script/NavigationSystem.NavMeshBoundsVolume Name:NavMeshBoundsVolume_UAID_50EBF6D21CCA68DC01_1187774785 Label:NavMeshBoundsVolume SpatiallyLoaded:0 Bounds:IsValid=true, Min=(X=-70.000 Y=-265.000 Z=-225.000), Max=(X=3130.000 Y=3835.000 Z=225.000) RuntimeGrid:None EditorOnly:0 RuntimeOnly:0 HLODRelevant:0
 |   |   |- Guid:97EF4FB1433247544592398A27B988FF BaseClass:/Game/Blueprints/AI/EQS/EQS_TestingPawn.EQS_TestingPawn_C NativeClass:/Script/AIModule.EQSTestingPawn Name:EQS_TestingPawn_C_UAID_50EBF6D21CCA13E101_1661588103 Label:EQS_TestingPawn SpatiallyLoaded:1 Bounds:IsValid=true, Min=(X=-434.388 Y=2230.612 Z=-88.000), Max=(X=-355.612 Y=2309.388 Z=88.000) RuntimeGrid:None EditorOnly:0 RuntimeOnly:0 HLODRelevant:0
 |   |   |- Guid:99287EA840BC1AA639E1CA83615D30A3 BaseClass: NativeClass:/Script/Engine.StaticMeshActor Name:StaticMeshActor_UAID_50EBF6D21CCA58D701_1914892697 Label:SmallWall8 SpatiallyLoaded:1 Bounds:IsValid=true, Min=(X=350.000 Y=1232.500 Z=-17.500), Max=(X=450.000 Y=1407.500 Z=357.500) RuntimeGrid:None EditorOnly:0 RuntimeOnly:0 HLODRelevant:1 FolderPath:Enviroment FolderGuid:8769E3C0426C28A66A27D09CB13D9E54
 |   |   |- Guid:9BD2775E4F9B2C4404F736AFA44DE4D6 BaseClass: NativeClass:/Script/Engine.StaticMeshActor Name:StaticMeshActor_6 Label:SM_Cube3 SpatiallyLoaded:1 Bounds:IsValid=true, Min=(X=0.000 Y=3400.000 Z=0.000), Max=(X=3000.000 Y=3500.000 Z=400.000) RuntimeGrid:None EditorOnly:0 RuntimeOnly:0 HLODRelevant:1 FolderPath:Enviroment FolderGuid:8769E3C0426C28A66A27D09CB13D9E54
 |   |   |- Guid:9C5B390F45C8E6E0252E4AB193B22BE1 BaseClass: NativeClass:/Script/Engine.StaticMeshActor Name:StaticMeshActor_UAID_50EBF6D21CCA58D701_2111212709 Label:SmallWall19 SpatiallyLoaded:1 Bounds:IsValid=true, Min=(X=310.000 Y=1451.001 Z=246.350), Max=(X=1010.000 Y=1848.999 Z=693.650) RuntimeGrid:None EditorOnly:0 RuntimeOnly:0 HLODRelevant:1 FolderPath:Enviroment FolderGuid:8769E3C0426C28A66A27D09CB13D9E54
 |   |   |- Guid:9FC1FFFD44A87E9E943B0A96750B5A3E BaseClass: NativeClass:/Script/Engine.StaticMeshActor Name:StaticMeshActor_UAID_50EBF6D21CCA58D701_1686449693 Label:SmallWall5 SpatiallyLoaded:1 Bounds:IsValid=true, Min=(X=842.500 Y=1230.000 Z=-17.500), Max=(X=1017.500 Y=1330.000 Z=357.500) RuntimeGrid:None EditorOnly:0 RuntimeOnly:0 HLODRelevant:1 FolderPath:Enviroment FolderGuid:8769E3C0426C28A66A27D09CB13D9E54
 |   |   |- Guid:B584F997447BA1FC9202A1A126EDF34B BaseClass:/Game/Blueprints/AI/BP_PatrolRoute.BP_PatrolRoute_C NativeClass:/Script/Engine.Actor Name:BP_PatrolRoute_C_UAID_50EBF6D21CCA9CDE01_1669206047 Label:BP_PatrolRoute SpatiallyLoaded:1 Bounds:IsValid=true, Min=(X=1174.637 Y=715.000 Z=0.000), Max=(X=2881.292 Y=2709.444 Z=0.000) RuntimeGrid:None EditorOnly:0 RuntimeOnly:0 HLODRelevant:0
 |   |   |- Guid:BF47A990412A60C8B7FB6FB5FF2A6B86 BaseClass: NativeClass:/Script/Engine.StaticMeshActor Name:StaticMeshActor_UAID_50EBF6D21CCA58D701_2005888702 Label:SmallWall13 SpatiallyLoaded:1 Bounds:IsValid=true, Min=(X=920.000 Y=1342.500 Z=232.500), Max=(X=1020.000 Y=1717.500 Z=407.500) RuntimeGrid:None EditorOnly:0 RuntimeOnly:0 HLODRelevant:1 FolderPath:Enviroment FolderGuid:8769E3C0426C28A66A27D09CB13D9E54
 |   |   |- Guid:C4FD4FA5495299AFC38981BF3D9C1461 BaseClass: NativeClass:/Script/NavigationSystem.RecastNavMesh Name:RecastNavMesh_UAID_50EBF6D21CCA68DC01-Default Label:RecastNavMesh-Default SpatiallyLoaded:0 Bounds:IsValid=true, Min=(X=0.000 Y=0.000 Z=0.000), Max=(X=0.000 Y=0.000 Z=0.000) RuntimeGrid:None EditorOnly:0 RuntimeOnly:0 HLODRelevant:0
 |   |   |- Guid:CB1DCC704BA35E1DD866ED91C2AA6E41 BaseClass: NativeClass:/Script/Engine.PlayerStart Name:PlayerStart_0 Label:PlayerStart SpatiallyLoaded:0 Bounds:IsValid=true, Min=(X=570.000 Y=1915.000 Z=5.013), Max=(X=650.000 Y=1995.000 Z=189.013) RuntimeGrid:None EditorOnly:0 RuntimeOnly:0 HLODRelevant:0
 |   |   |- Guid:D4BC3BAB408215AA93A14EB340CC144C BaseClass: NativeClass:/Script/Engine.StaticMeshActor Name:StaticMeshActor_UAID_50EBF6D21CCA58D701_1349298691 Label:SmallWall4 SpatiallyLoaded:1 Bounds:IsValid=true, Min=(X=1585.000 Y=2350.000 Z=-30.000), Max=(X=2935.000 Y=2450.000 Z=270.000) RuntimeGrid:None EditorOnly:0 RuntimeOnly:0 HLODRelevant:1 FolderPath:Enviroment FolderGuid:8769E3C0426C28A66A27D09CB13D9E54
 |   |   |- Guid:D7DD65EC45345280BF1DF5BE759172B5 BaseClass: NativeClass:/Script/Engine.VolumetricCloud Name:VolumetricCloud_0 Label:VolumetricCloud SpatiallyLoaded:0 Bounds:IsValid=true, Min=(X=0.000 Y=0.000 Z=820.000), Max=(X=0.000 Y=0.000 Z=820.000) RuntimeGrid:None EditorOnly:0 RuntimeOnly:0 HLODRelevant:0 FolderPath:Lighting FolderGuid:963EC3EB4002CCE9759E2EBA541A873A
 |   |   |- Guid:DD7E2F7F46CFC4BBD69F71A37E3B654A BaseClass: NativeClass:/Script/Engine.StaticMeshActor Name:StaticMeshActor_UAID_50EBF6D21CCA58D701_1720434695 Label:SmallWall7 SpatiallyLoaded:1 Bounds:IsValid=true, Min=(X=432.500 Y=1230.000 Z=-17.500), Max=(X=607.500 Y=1330.000 Z=357.500) RuntimeGrid:None EditorOnly:0 RuntimeOnly:0 HLODRelevant:1 FolderPath:Enviroment FolderGuid:8769E3C0426C28A66A27D09CB13D9E54
 |   |   |- Guid:E0F62BD04EC8FCF73833F58B83F4289F BaseClass: NativeClass:/Script/Engine.StaticMeshActor Name:StaticMeshActor_UAID_50EBF6D21CCA58D701_1374665692 Label:Exit SpatiallyLoaded:1 Bounds:IsValid=true, Min=(X=1260.000 Y=3300.000 Z=-50.000), Max=(X=1360.000 Y=3400.000 Z=50.000) RuntimeGrid:None EditorOnly:0 RuntimeOnly:0 HLODRelevant:1 FolderPath:Enviroment FolderGuid:8769E3C0426C28A66A27D09CB13D9E54
 |   |   |- Guid:E240DDA94B69C8E5B0B018A286194E6A BaseClass: NativeClass:/Script/Engine.StaticMeshActor Name:StaticMeshActor_UAID_50EBF6D21CCA58D701_2005889703 Label:SmallWall14 SpatiallyLoaded:1 Bounds:IsValid=true, Min=(X=920.000 Y=1652.500 Z=-17.500), Max=(X=1020.000 Y=1827.500 Z=357.500) RuntimeGrid:None EditorOnly:0 RuntimeOnly:0 HLODRelevant:1 FolderPath:Enviroment FolderGuid:8769E3C0426C28A66A27D09CB13D9E54
 |   |   |- Guid:F09C160C49D8A4C250269DBB149ECCAF BaseClass: NativeClass:/Script/Engine.StaticMeshActor Name:StaticMeshActor_UAID_50EBF6D21CCA58D701_1914894698 Label:SmallWall9 SpatiallyLoaded:1 Bounds:IsValid=true, Min=(X=350.000 Y=1332.500 Z=232.500), Max=(X=450.000 Y=1707.500 Z=407.500) RuntimeGrid:None EditorOnly:0 RuntimeOnly:0 HLODRelevant:1 FolderPath:Enviroment FolderGuid:8769E3C0426C28A66A27D09CB13D9E54
 |   |   |- Guid:F10667154268C0311F4A6EA177956089 BaseClass: NativeClass:/Script/Engine.StaticMeshActor Name:StaticMeshActor_UAID_50EBF6D21CCA58D701_1159125687 Label:SmallWall SpatiallyLoaded:1 Bounds:IsValid=true, Min=(X=290.000 Y=600.000 Z=-12.500), Max=(X=990.000 Y=700.000 Z=112.500) RuntimeGrid:None EditorOnly:0 RuntimeOnly:0 HLODRelevant:1 FolderPath:Enviroment FolderGuid:8769E3C0426C28A66A27D09CB13D9E54
 |   |   |- Guid:F5A4E86D4A1A49DC0B4A0DB8EC19253D BaseClass: NativeClass:/Script/Engine.StaticMeshActor Name:StaticMeshActor_UAID_50EBF6D21CCA58D701_2050520705 Label:SmallWall11 SpatiallyLoaded:1 Bounds:IsValid=true, Min=(X=852.500 Y=1740.000 Z=-17.500), Max=(X=1027.500 Y=1840.000 Z=357.500) RuntimeGrid:None EditorOnly:0 RuntimeOnly:0 HLODRelevant:1 FolderPath:Enviroment FolderGuid:8769E3C0426C28A66A27D09CB13D9E54
 |   |   |- Guid:F6907E6D474493EA6624D68563C5863E BaseClass: NativeClass:/Script/Engine.WorldDataLayers Name:WorldDataLayers Label:WorldDataLayers SpatiallyLoaded:0 Bounds:IsValid=true, Min=(X=0.000 Y=0.000 Z=0.000), Max=(X=0.000 Y=0.000 Z=0.000) RuntimeGrid:None EditorOnly:0 RuntimeOnly:0 HLODRelevant:0
 |   |   |- Guid:FEB78C99415EBD5345988B87B2C7A47D BaseClass: NativeClass:/Script/Engine.StaticMeshActor Name:StaticMeshActor_UAID_50EBF6D21CCA58D701_2050523707 Label:SmallWall17 SpatiallyLoaded:1 Bounds:IsValid=true, Min=(X=442.500 Y=1740.000 Z=-17.500), Max=(X=617.500 Y=1840.000 Z=357.500) RuntimeGrid:None EditorOnly:0 RuntimeOnly:0 HLODRelevant:1 FolderPath:Enviroment FolderGuid:8769E3C0426C28A66A27D09CB13D9E54
 |   |- [+] Clusters:
 |   |   |- [+] [  0]
 |   |   |   |- Guid:CB1DCC704BA35E1DD866ED91C2AA6E41 BaseClass: NativeClass:/Script/Engine.PlayerStart Name:PlayerStart_0 Label:PlayerStart SpatiallyLoaded:0 Bounds:IsValid=true, Min=(X=570.000 Y=1915.000 Z=5.013), Max=(X=650.000 Y=1995.000 Z=189.013) RuntimeGrid:None EditorOnly:0 RuntimeOnly:0 HLODRelevant:0
 |   |   |- [+] [  1]
 |   |   |   |- Guid:E240DDA94B69C8E5B0B018A286194E6A BaseClass: NativeClass:/Script/Engine.StaticMeshActor Name:StaticMeshActor_UAID_50EBF6D21CCA58D701_2005889703 Label:SmallWall14 SpatiallyLoaded:1 Bounds:IsValid=true, Min=(X=920.000 Y=1652.500 Z=-17.500), Max=(X=1020.000 Y=1827.500 Z=357.500) RuntimeGrid:None EditorOnly:0 RuntimeOnly:0 HLODRelevant:1 FolderPath:Enviroment FolderGuid:8769E3C0426C28A66A27D09CB13D9E54
 |   |   |- [+] [  2]
 |   |   |   |- Guid:B584F997447BA1FC9202A1A126EDF34B BaseClass:/Game/Blueprints/AI/BP_PatrolRoute.BP_PatrolRoute_C NativeClass:/Script/Engine.Actor Name:BP_PatrolRoute_C_UAID_50EBF6D21CCA9CDE01_1669206047 Label:BP_PatrolRoute SpatiallyLoaded:1 Bounds:IsValid=true, Min=(X=1174.637 Y=715.000 Z=0.000), Max=(X=2881.292 Y=2709.444 Z=0.000) RuntimeGrid:None EditorOnly:0 RuntimeOnly:0 HLODRelevant:0
 |   |   |- [+] [  3]
 |   |   |   |- Guid:1621C527401ECC8763DCF5B128195026 BaseClass: NativeClass:/Script/Engine.PostProcessVolume Name:PostProcessVolume_0 Label:PostProcessVolume SpatiallyLoaded:0 Bounds:IsValid=true, Min=(X=0.000 Y=0.000 Z=400.000), Max=(X=200.000 Y=200.000 Z=600.000) RuntimeGrid:None EditorOnly:0 RuntimeOnly:0 HLODRelevant:0 FolderPath:Lighting FolderGuid:963EC3EB4002CCE9759E2EBA541A873A
 |   |   |- [+] [  4]
 |   |   |   |- Guid:E0F62BD04EC8FCF73833F58B83F4289F BaseClass: NativeClass:/Script/Engine.StaticMeshActor Name:StaticMeshActor_UAID_50EBF6D21CCA58D701_1374665692 Label:Exit SpatiallyLoaded:1 Bounds:IsValid=true, Min=(X=1260.000 Y=3300.000 Z=-50.000), Max=(X=1360.000 Y=3400.000 Z=50.000) RuntimeGrid:None EditorOnly:0 RuntimeOnly:0 HLODRelevant:1 FolderPath:Enviroment FolderGuid:8769E3C0426C28A66A27D09CB13D9E54
 |   |   |- [+] [  5]
 |   |   |   |- Guid:24FF39AF4DA0DFF0742790A223F2717F BaseClass: NativeClass:/Script/Engine.StaticMeshActor Name:StaticMeshActor_UAID_50EBF6D21CCA58D701_2050522706 Label:SmallWall16 SpatiallyLoaded:1 Bounds:IsValid=true, Min=(X=552.500 Y=1740.000 Z=232.500), Max=(X=927.500 Y=1840.000 Z=407.500) RuntimeGrid:None EditorOnly:0 RuntimeOnly:0 HLODRelevant:1 FolderPath:Enviroment FolderGuid:8769E3C0426C28A66A27D09CB13D9E54
 |   |   |- [+] [  6]
 |   |   |   |- Guid:99287EA840BC1AA639E1CA83615D30A3 BaseClass: NativeClass:/Script/Engine.StaticMeshActor Name:StaticMeshActor_UAID_50EBF6D21CCA58D701_1914892697 Label:SmallWall8 SpatiallyLoaded:1 Bounds:IsValid=true, Min=(X=350.000 Y=1232.500 Z=-17.500), Max=(X=450.000 Y=1407.500 Z=357.500) RuntimeGrid:None EditorOnly:0 RuntimeOnly:0 HLODRelevant:1 FolderPath:Enviroment FolderGuid:8769E3C0426C28A66A27D09CB13D9E54
 |   |   |- [+] [  7]
 |   |   |   |- Guid:9BD2775E4F9B2C4404F736AFA44DE4D6 BaseClass: NativeClass:/Script/Engine.StaticMeshActor Name:StaticMeshActor_6 Label:SM_Cube3 SpatiallyLoaded:1 Bounds:IsValid=true, Min=(X=0.000 Y=3400.000 Z=0.000), Max=(X=3000.000 Y=3500.000 Z=400.000) RuntimeGrid:None EditorOnly:0 RuntimeOnly:0 HLODRelevant:1 FolderPath:Enviroment FolderGuid:8769E3C0426C28A66A27D09CB13D9E54
 |   |   |- [+] [  8]
 |   |   |   |- Guid:638FA1E64C8CD3855EBE578440824B26 BaseClass: NativeClass:/Script/Engine.StaticMeshActor Name:StaticMeshActor_0 Label:SM_Cube5 SpatiallyLoaded:1 Bounds:IsValid=true, Min=(X=-0.000 Y=100.000 Z=0.000), Max=(X=100.000 Y=3400.000 Z=400.000) RuntimeGrid:None EditorOnly:0 RuntimeOnly:0 HLODRelevant:1 FolderPath:Enviroment FolderGuid:8769E3C0426C28A66A27D09CB13D9E54
 |   |   |- [+] [  9]
 |   |   |   |- Guid:540000EF4BD746286DA112A710D40B0C BaseClass: NativeClass:/Script/Engine.ExponentialHeightFog Name:ExponentialHeightFog_0 Label:ExponentialHeightFog SpatiallyLoaded:0 Bounds:IsValid=true, Min=(X=-5600.000 Y=-50.000 Z=-6850.000), Max=(X=-5600.000 Y=-50.000 Z=-6850.000) RuntimeGrid:None EditorOnly:0 RuntimeOnly:0 HLODRelevant:0 FolderPath:Lighting FolderGuid:963EC3EB4002CCE9759E2EBA541A873A
 |   |   |- [+] [ 10]
 |   |   |   |- Guid:9C5B390F45C8E6E0252E4AB193B22BE1 BaseClass: NativeClass:/Script/Engine.StaticMeshActor Name:StaticMeshActor_UAID_50EBF6D21CCA58D701_2111212709 Label:SmallWall19 SpatiallyLoaded:1 Bounds:IsValid=true, Min=(X=310.000 Y=1451.001 Z=246.350), Max=(X=1010.000 Y=1848.999 Z=693.650) RuntimeGrid:None EditorOnly:0 RuntimeOnly:0 HLODRelevant:1 FolderPath:Enviroment FolderGuid:8769E3C0426C28A66A27D09CB13D9E54
 |   |   |- [+] [ 11]
 |   |   |   |- Guid:1E7015574B202AE5166EE1A5278F0B48 BaseClass: NativeClass:/Script/Engine.StaticMeshActor Name:StaticMeshActor_UAID_50EBF6D21CCA58D701_2076398708 Label:SmallWall18 SpatiallyLoaded:1 Bounds:IsValid=true, Min=(X=300.000 Y=1181.001 Z=246.350), Max=(X=1000.000 Y=1578.999 Z=693.650) RuntimeGrid:None EditorOnly:0 RuntimeOnly:0 HLODRelevant:1 FolderPath:Enviroment FolderGuid:8769E3C0426C28A66A27D09CB13D9E54
 |   |   |- [+] [ 12]
 |   |   |   |- Guid:DD7E2F7F46CFC4BBD69F71A37E3B654A BaseClass: NativeClass:/Script/Engine.StaticMeshActor Name:StaticMeshActor_UAID_50EBF6D21CCA58D701_1720434695 Label:SmallWall7 SpatiallyLoaded:1 Bounds:IsValid=true, Min=(X=432.500 Y=1230.000 Z=-17.500), Max=(X=607.500 Y=1330.000 Z=357.500) RuntimeGrid:None EditorOnly:0 RuntimeOnly:0 HLODRelevant:1 FolderPath:Enviroment FolderGuid:8769E3C0426C28A66A27D09CB13D9E54
 |   |   |- [+] [ 13]
 |   |   |   |- Guid:74B0893F4419FE25C3E62AAD484D1D52 BaseClass: NativeClass:/Script/Engine.StaticMeshActor Name:StaticMeshActor_UAID_50EBF6D21CCA58D701_1707650694 Label:SmallWall6 SpatiallyLoaded:1 Bounds:IsValid=true, Min=(X=542.500 Y=1230.000 Z=232.500), Max=(X=917.500 Y=1330.000 Z=407.500) RuntimeGrid:None EditorOnly:0 RuntimeOnly:0 HLODRelevant:1 FolderPath:Enviroment FolderGuid:8769E3C0426C28A66A27D09CB13D9E54
 |   |   |- [+] [ 14]
 |   |   |   |- Guid:466373574510520A3E541098894C919A BaseClass: NativeClass:/Script/Engine.StaticMeshActor Name:StaticMeshActor_5 Label:SM_Cube2 SpatiallyLoaded:1 Bounds:IsValid=true, Min=(X=0.000 Y=0.000 Z=0.000), Max=(X=3000.000 Y=100.000 Z=400.000) RuntimeGrid:None EditorOnly:0 RuntimeOnly:0 HLODRelevant:1 FolderPath:Enviroment FolderGuid:8769E3C0426C28A66A27D09CB13D9E54
 |   |   |- [+] [ 15]
 |   |   |   |- Guid:9FC1FFFD44A87E9E943B0A96750B5A3E BaseClass: NativeClass:/Script/Engine.StaticMeshActor Name:StaticMeshActor_UAID_50EBF6D21CCA58D701_1686449693 Label:SmallWall5 SpatiallyLoaded:1 Bounds:IsValid=true, Min=(X=842.500 Y=1230.000 Z=-17.500), Max=(X=1017.500 Y=1330.000 Z=357.500) RuntimeGrid:None EditorOnly:0 RuntimeOnly:0 HLODRelevant:1 FolderPath:Enviroment FolderGuid:8769E3C0426C28A66A27D09CB13D9E54
 |   |   |- [+] [ 16]
 |   |   |   |- Guid:916BAF134811EE0BAC9E89B7B7984BC0 BaseClass: NativeClass:/Script/Engine.StaticMeshActor Name:StaticMeshActor_UAID_A4AE111137DC5EFB00_1110535423 Label:SM_SkySphere SpatiallyLoaded:0 Bounds:IsValid=true, Min=(X=-1638400.000 Y=-1638400.000 Z=-1638400.000), Max=(X=1638400.000 Y=1638400.000 Z=1638400.000) RuntimeGrid:None EditorOnly:0 RuntimeOnly:0 HLODRelevant:1 FolderPath:Lighting FolderGuid:963EC3EB4002CCE9759E2EBA541A873A
 |   |   |- [+] [ 17]
 |   |   |   |- Guid:95D334A24F3113A25E5636AD56E59743 BaseClass: NativeClass:/Script/NavigationSystem.NavMeshBoundsVolume Name:NavMeshBoundsVolume_UAID_50EBF6D21CCA68DC01_1187774785 Label:NavMeshBoundsVolume SpatiallyLoaded:0 Bounds:IsValid=true, Min=(X=-70.000 Y=-265.000 Z=-225.000), Max=(X=3130.000 Y=3835.000 Z=225.000) RuntimeGrid:None EditorOnly:0 RuntimeOnly:0 HLODRelevant:0
 |   |   |- [+] [ 18]
 |   |   |   |- Guid:C4FD4FA5495299AFC38981BF3D9C1461 BaseClass: NativeClass:/Script/NavigationSystem.RecastNavMesh Name:RecastNavMesh_UAID_50EBF6D21CCA68DC01-Default Label:RecastNavMesh-Default SpatiallyLoaded:0 Bounds:IsValid=true, Min=(X=0.000 Y=0.000 Z=0.000), Max=(X=0.000 Y=0.000 Z=0.000) RuntimeGrid:None EditorOnly:0 RuntimeOnly:0 HLODRelevant:0
 |   |   |- [+] [ 19]
 |   |   |   |- Guid:8A70C4BF41DC7061B9DB6D9EA8D93D63 BaseClass: NativeClass:/Script/Engine.StaticMeshActor Name:StaticMeshActor_UAID_50EBF6D21CCA58D701_2005890704 Label:SmallWall15 SpatiallyLoaded:1 Bounds:IsValid=true, Min=(X=920.000 Y=1352.500 Z=-67.500), Max=(X=1020.000 Y=1727.500 Z=107.500) RuntimeGrid:None EditorOnly:0 RuntimeOnly:0 HLODRelevant:1 FolderPath:Enviroment FolderGuid:8769E3C0426C28A66A27D09CB13D9E54
 |   |   |- [+] [ 20]
 |   |   |   |- Guid:4151BC9F451C09C7125E2DB5ABACBB41 BaseClass: NativeClass:/Script/Engine.TextRenderActor Name:TextRenderActor_1 Label:TextRenderActor SpatiallyLoaded:1 Bounds:IsValid=true, Min=(X=-0.100 Y=1100.000 Z=65.013), Max=(X=-0.100 Y=2392.308 Z=215.013) RuntimeGrid:None EditorOnly:0 RuntimeOnly:0 HLODRelevant:0
 |   |   |- [+] [ 21]
 |   |   |   |- Guid:16778C3F452605E1AE490E9613D921A7 BaseClass: NativeClass:/Script/Engine.StaticMeshActor Name:StaticMeshActor_UAID_50EBF6D21CCA58D701_1335254690 Label:SmallWall3 SpatiallyLoaded:1 Bounds:IsValid=true, Min=(X=1870.000 Y=1570.000 Z=-12.500), Max=(X=2570.000 Y=1670.000 Z=112.500) RuntimeGrid:None EditorOnly:0 RuntimeOnly:0 HLODRelevant:1 FolderPath:Enviroment FolderGuid:8769E3C0426C28A66A27D09CB13D9E54
 |   |   |- [+] [ 22]
 |   |   |   |- Guid:D7DD65EC45345280BF1DF5BE759172B5 BaseClass: NativeClass:/Script/Engine.VolumetricCloud Name:VolumetricCloud_0 Label:VolumetricCloud SpatiallyLoaded:0 Bounds:IsValid=true, Min=(X=0.000 Y=0.000 Z=820.000), Max=(X=0.000 Y=0.000 Z=820.000) RuntimeGrid:None EditorOnly:0 RuntimeOnly:0 HLODRelevant:0 FolderPath:Lighting FolderGuid:963EC3EB4002CCE9759E2EBA541A873A
 |   |   |- [+] [ 23]
 |   |   |   |- Guid:5A7ACD954A3A595ECA1B658CD27AC1FC BaseClass: NativeClass:/Script/Engine.SkyLight Name:SkyLight_1 Label:SkyLight SpatiallyLoaded:0 Bounds:IsValid=true, Min=(X=0.000 Y=0.000 Z=690.000), Max=(X=0.000 Y=0.000 Z=690.000) RuntimeGrid:None EditorOnly:0 RuntimeOnly:0 HLODRelevant:0 FolderPath:Lighting FolderGuid:963EC3EB4002CCE9759E2EBA541A873A
 |   |   |- [+] [ 24]
 |   |   |   |- Guid:0B5CDF154705DF8136D469BC2E031665 BaseClass: NativeClass:/Script/Engine.StaticMeshActor Name:StaticMeshActor_UAID_50EBF6D21CCA58D701_1278155689 Label:SmallWall2 SpatiallyLoaded:1 Bounds:IsValid=true, Min=(X=1881.891 Y=441.699 Z=-12.500), Max=(X=2538.109 Y=878.301 Z=112.500) RuntimeGrid:None EditorOnly:0 RuntimeOnly:0 HLODRelevant:1 FolderPath:Enviroment FolderGuid:8769E3C0426C28A66A27D09CB13D9E54
 |   |   |- [+] [ 25]
 |   |   |   |- Guid:5EBDBB4E455147859BF7ED847AB91429 BaseClass: NativeClass:/Script/Engine.StaticMeshActor Name:StaticMeshActor_1 Label:SM_Cube SpatiallyLoaded:1 Bounds:IsValid=true, Min=(X=0.000 Y=0.000 Z=-50.000), Max=(X=3000.000 Y=3500.000 Z=0.000) RuntimeGrid:None EditorOnly:0 RuntimeOnly:0 HLODRelevant:1 FolderPath:Enviroment FolderGuid:8769E3C0426C28A66A27D09CB13D9E54
 |   |   |- [+] [ 26]
 |   |   |   |- Guid:F6907E6D474493EA6624D68563C5863E BaseClass: NativeClass:/Script/Engine.WorldDataLayers Name:WorldDataLayers Label:WorldDataLayers SpatiallyLoaded:0 Bounds:IsValid=true, Min=(X=0.000 Y=0.000 Z=0.000), Max=(X=0.000 Y=0.000 Z=0.000) RuntimeGrid:None EditorOnly:0 RuntimeOnly:0 HLODRelevant:0
 |   |   |- [+] [ 27]
 |   |   |   |- Guid:D4BC3BAB408215AA93A14EB340CC144C BaseClass: NativeClass:/Script/Engine.StaticMeshActor Name:StaticMeshActor_UAID_50EBF6D21CCA58D701_1349298691 Label:SmallWall4 SpatiallyLoaded:1 Bounds:IsValid=true, Min=(X=1585.000 Y=2350.000 Z=-30.000), Max=(X=2935.000 Y=2450.000 Z=270.000) RuntimeGrid:None EditorOnly:0 RuntimeOnly:0 HLODRelevant:1 FolderPath:Enviroment FolderGuid:8769E3C0426C28A66A27D09CB13D9E54
 |   |   |- [+] [ 28]
 |   |   |   |- Guid:1C7F09AF4072D77CC3FCE0B14CDEE97D BaseClass: NativeClass:/Script/Engine.SkyAtmosphere Name:SkyAtmosphere_0 Label:SkyAtmosphere SpatiallyLoaded:0 Bounds:IsValid=true, Min=(X=0.000 Y=0.000 Z=1020.000), Max=(X=0.000 Y=0.000 Z=1020.000) RuntimeGrid:None EditorOnly:0 RuntimeOnly:0 HLODRelevant:0 FolderPath:Lighting FolderGuid:963EC3EB4002CCE9759E2EBA541A873A
 |   |   |- [+] [ 29]
 |   |   |   |- Guid:F09C160C49D8A4C250269DBB149ECCAF BaseClass: NativeClass:/Script/Engine.StaticMeshActor Name:StaticMeshActor_UAID_50EBF6D21CCA58D701_1914894698 Label:SmallWall9 SpatiallyLoaded:1 Bounds:IsValid=true, Min=(X=350.000 Y=1332.500 Z=232.500), Max=(X=450.000 Y=1707.500 Z=407.500) RuntimeGrid:None EditorOnly:0 RuntimeOnly:0 HLODRelevant:1 FolderPath:Enviroment FolderGuid:8769E3C0426C28A66A27D09CB13D9E54
 |   |   |- [+] [ 30]
 |   |   |   |- Guid:FEB78C99415EBD5345988B87B2C7A47D BaseClass: NativeClass:/Script/Engine.StaticMeshActor Name:StaticMeshActor_UAID_50EBF6D21CCA58D701_2050523707 Label:SmallWall17 SpatiallyLoaded:1 Bounds:IsValid=true, Min=(X=442.500 Y=1740.000 Z=-17.500), Max=(X=617.500 Y=1840.000 Z=357.500) RuntimeGrid:None EditorOnly:0 RuntimeOnly:0 HLODRelevant:1 FolderPath:Enviroment FolderGuid:8769E3C0426C28A66A27D09CB13D9E54
 |   |   |- [+] [ 31]
 |   |   |   |- Guid:35167C5B4DC85DCA369419AB0C0A76C5 BaseClass: NativeClass:/Script/Engine.StaticMeshActor Name:StaticMeshActor_UAID_50EBF6D21CCA58D701_1914894699 Label:SmallWall10 SpatiallyLoaded:1 Bounds:IsValid=true, Min=(X=350.000 Y=1385.000 Z=-17.500), Max=(X=450.000 Y=1835.000 Z=357.500) RuntimeGrid:None EditorOnly:0 RuntimeOnly:0 HLODRelevant:1 FolderPath:Enviroment FolderGuid:8769E3C0426C28A66A27D09CB13D9E54
 |   |   |- [+] [ 32]
 |   |   |   |- Guid:16CA75C04CACE8BF60CFEBAE613555F4 BaseClass: NativeClass:/Script/Engine.StaticMeshActor Name:StaticMeshActor_UAID_50EBF6D21CCA58D701_2005887701 Label:SmallWall12 SpatiallyLoaded:1 Bounds:IsValid=true, Min=(X=920.000 Y=1242.500 Z=-17.500), Max=(X=1020.000 Y=1417.500 Z=357.500) RuntimeGrid:None EditorOnly:0 RuntimeOnly:0 HLODRelevant:1 FolderPath:Enviroment FolderGuid:8769E3C0426C28A66A27D09CB13D9E54
 |   |   |- [+] [ 33]
 |   |   |   |- Guid:F10667154268C0311F4A6EA177956089 BaseClass: NativeClass:/Script/Engine.StaticMeshActor Name:StaticMeshActor_UAID_50EBF6D21CCA58D701_1159125687 Label:SmallWall SpatiallyLoaded:1 Bounds:IsValid=true, Min=(X=290.000 Y=600.000 Z=-12.500), Max=(X=990.000 Y=700.000 Z=112.500) RuntimeGrid:None EditorOnly:0 RuntimeOnly:0 HLODRelevant:1 FolderPath:Enviroment FolderGuid:8769E3C0426C28A66A27D09CB13D9E54
 |   |   |- [+] [ 34]
 |   |   |   |- Guid:6E8EB9264B7F0BDC067D04AC1447C514 BaseClass:/Game/Blueprints/NPCs/BP_NPC_Enemy_Melee.BP_NPC_Enemy_Melee_C NativeClass:/Script/Engine.Character Name:BP_NPC_Enemy_Melee_C_UAID_50EBF6D21CCACDF501_1932320959 Label:BP_NPC_Enemy_Melee SpatiallyLoaded:1 Bounds:IsValid=true, Min=(X=1470.000 Y=1890.000 Z=-0.967), Max=(X=1720.000 Y=2040.000 Z=200.000) RuntimeGrid:None EditorOnly:0 RuntimeOnly:0 HLODRelevant:0
 |   |   |- [+] [ 35]
 |   |   |   |- Guid:F5A4E86D4A1A49DC0B4A0DB8EC19253D BaseClass: NativeClass:/Script/Engine.StaticMeshActor Name:StaticMeshActor_UAID_50EBF6D21CCA58D701_2050520705 Label:SmallWall11 SpatiallyLoaded:1 Bounds:IsValid=true, Min=(X=852.500 Y=1740.000 Z=-17.500), Max=(X=1027.500 Y=1840.000 Z=357.500) RuntimeGrid:None EditorOnly:0 RuntimeOnly:0 HLODRelevant:1 FolderPath:Enviroment FolderGuid:8769E3C0426C28A66A27D09CB13D9E54
 |   |   |- [+] [ 36]
 |   |   |   |- Guid:0720F8C847B1D7087486D1B002EC9C6E BaseClass: NativeClass:/Script/Engine.StaticMeshActor Name:StaticMeshActor_4 Label:SM_Cube6 SpatiallyLoaded:1 Bounds:IsValid=true, Min=(X=2900.000 Y=100.000 Z=0.000), Max=(X=3000.000 Y=3400.000 Z=400.000) RuntimeGrid:None EditorOnly:0 RuntimeOnly:0 HLODRelevant:1 FolderPath:Enviroment FolderGuid:8769E3C0426C28A66A27D09CB13D9E54
 |   |   |- [+] [ 37]
 |   |   |   |- Guid:BF47A990412A60C8B7FB6FB5FF2A6B86 BaseClass: NativeClass:/Script/Engine.StaticMeshActor Name:StaticMeshActor_UAID_50EBF6D21CCA58D701_2005888702 Label:SmallWall13 SpatiallyLoaded:1 Bounds:IsValid=true, Min=(X=920.000 Y=1342.500 Z=232.500), Max=(X=1020.000 Y=1717.500 Z=407.500) RuntimeGrid:None EditorOnly:0 RuntimeOnly:0 HLODRelevant:1 FolderPath:Enviroment FolderGuid:8769E3C0426C28A66A27D09CB13D9E54
 |   |   |- [+] [ 38]
 |   |   |   |- Guid:87314A524EE8280E5248C8AA51F74D3B BaseClass: NativeClass:/Script/Engine.DirectionalLight Name:DirectionalLight_0 Label:DirectionalLight SpatiallyLoaded:0 Bounds:IsValid=true, Min=(X=-4398046511104.000 Y=-4398046511104.000 Z=-4398046511104.000), Max=(X=4398046511104.000 Y=4398046511104.000 Z=4398046511104.000) RuntimeGrid:None EditorOnly:0 RuntimeOnly:0 HLODRelevant:0 FolderPath:Lighting FolderGuid:963EC3EB4002CCE9759E2EBA541A873A
 |   |   |- [+] [ 39]
 |   |   |   |- Guid:97EF4FB1433247544592398A27B988FF BaseClass:/Game/Blueprints/AI/EQS/EQS_TestingPawn.EQS_TestingPawn_C NativeClass:/Script/AIModule.EQSTestingPawn Name:EQS_TestingPawn_C_UAID_50EBF6D21CCA13E101_1661588103 Label:EQS_TestingPawn SpatiallyLoaded:1 Bounds:IsValid=true, Min=(X=-434.388 Y=2230.612 Z=-88.000), Max=(X=-355.612 Y=2309.388 Z=88.000) RuntimeGrid:None EditorOnly:0 RuntimeOnly:0 HLODRelevant:0
 |- ContainerInstances:
 |- [+] MainContainer:
 |   |-        ID: 0x0000000000000000
 |   |-    Bounds: IsValid=false, Min=(X=0.000 Y=0.000 Z=0.000), Max=(X=0.000 Y=0.000 Z=0.000)
 |   |- Transform: 0.000000,0.000000,0.000000|0.000000,0.000000,-0.000000|1.000000,1.000000,1.000000
 |   |- Container: /Game/Levels/LevelPrototype
----------------------------------------------------------------------------------------------------------------
LevelPrototype - Persistent Level
----------------------------------------------------------------------------------------------------------------
Always loaded Actor Count: 49 

----------------------------------------------------------------------------------------------------------------
LevelPrototype - Runtime Spatial Hash - Streaming Grid - MainGrid
----------------------------------------------------------------------------------------------------------------
            Origin: X=0.000 Y=0.000 Z=0.000
         Cell Size: 12800
      World Bounds: IsValid=false, Min=(X=0.000 Y=0.000 Z=0.000), Max=(X=0.000 Y=0.000 Z=0.000)
     Loading Range: 25600.00
Block Slow Loading: No
 ClientOnlyVisible: No

[+] Grid Levels: 1
 |- Level  0: Cell Count    0 | Cell Size   12800 | Actor Count    0 (0.0%)

[+] Content of Grid Level 0

